[0122/213824.411:ERROR:process_reader_win.cc(123)] NtOpenThread: {Käyttö estetty} Prosessi pyysi objektin käyttöä, mutta käyttöoikeuksia ei ole myönnetty. (0xc0000022)
[0122/213824.417:ERROR:exception_snapshot_win.cc(88)] thread ID 14852 not found in process
[0125/085800.680:ERROR:process_reader_win.cc(123)] NtOpenThread: {Käyttö estetty} Prosessi pyysi objektin käyttöä, mutta käyttöoikeuksia ei ole myönnetty. (0xc0000022)
[0125/085800.681:ERROR:exception_snapshot_win.cc(88)] thread ID 3828 not found in process
[0128/112910.690:ERROR:process_reader_win.cc(123)] NtOpenThread: {Käyttö estetty} Prosessi pyysi objektin käyttöä, mutta käyttöoikeuksia ei ole myönnetty. (0xc0000022)
[0128/112910.708:ERROR:exception_snapshot_win.cc(88)] thread ID 10108 not found in process
[0206/200120.177:ERROR:process_reader_win.cc(123)] NtOpenThread: {Käyttö estetty} Prosessi pyysi objektin käyttöä, mutta käyttöoikeuksia ei ole myönnetty. (0xc0000022)
[0206/200120.190:ERROR:exception_snapshot_win.cc(88)] thread ID 8692 not found in process
[0916/145529.334:ERROR:filesystem_win.cc(148)] DeleteFile C:\Users\Kari\AppData\Local\Temp\scoped_dir16264_17412\Crashpad\reports\c0b310b3-a5ba-4d47-ba8e-a3afff09b200.dmp: Prosessi ei voi käyttää tiedostoa, koska se on toisen prosessin käytössä. (0x20)
[1008/081840.989:ERROR:directory_reader_win.cc(43)] FindFirstFile: Määritettyä polkua ei löydy. (0x3)
[1008/094021.616:ERROR:directory_reader_win.cc(43)] FindFirstFile: Määritettyä polkua ei löydy. (0x3)
[1008/104636.571:ERROR:directory_reader_win.cc(43)] FindFirstFile: Määritettyä polkua ei löydy. (0x3)
[1008/114051.409:ERROR:directory_reader_win.cc(43)] FindFirstFile: Määritettyä polkua ei löydy. (0x3)
[1008/120434.287:ERROR:directory_reader_win.cc(43)] FindFirstFile: Määritettyä polkua ei löydy. (0x3)
[1008/123609.152:ERROR:directory_reader_win.cc(43)] FindFirstFile: Määritettyä polkua ei löydy. (0x3)
[1008/174550.277:ERROR:directory_reader_win.cc(43)] FindFirstFile: Määritettyä polkua ei löydy. (0x3)
[1009/063640.612:ERROR:directory_reader_win.cc(43)] FindFirstFile: Määritettyä polkua ei löydy. (0x3)
[1009/090927.106:ERROR:directory_reader_win.cc(43)] FindFirstFile: Määritettyä polkua ei löydy. (0x3)
[1009/113327.164:ERROR:directory_reader_win.cc(43)] FindFirstFile: Määritettyä polkua ei löydy. (0x3)
[1009/120201.364:ERROR:directory_reader_win.cc(43)] FindFirstFile: Määritettyä polkua ei löydy. (0x3)
[1009/230442.164:ERROR:directory_reader_win.cc(43)] FindFirstFile: Määritettyä polkua ei löydy. (0x3)
[1010/084944.078:ERROR:directory_reader_win.cc(43)] FindFirstFile: Määritettyä polkua ei löydy. (0x3)
[1010/092504.783:ERROR:directory_reader_win.cc(43)] FindFirstFile: Määritettyä polkua ei löydy. (0x3)
[1010/131118.460:ERROR:directory_reader_win.cc(43)] FindFirstFile: Määritettyä polkua ei löydy. (0x3)
[1010/183942.535:ERROR:directory_reader_win.cc(43)] FindFirstFile: Määritettyä polkua ei löydy. (0x3)
[1010/201802.034:ERROR:directory_reader_win.cc(43)] FindFirstFile: Määritettyä polkua ei löydy. (0x3)
[1010/203124.829:ERROR:directory_reader_win.cc(43)] FindFirstFile: Määritettyä polkua ei löydy. (0x3)
[1011/093603.973:ERROR:directory_reader_win.cc(43)] FindFirstFile: Määritettyä polkua ei löydy. (0x3)
[1011/123442.362:ERROR:directory_reader_win.cc(43)] FindFirstFile: Määritettyä polkua ei löydy. (0x3)
[1011/130440.888:ERROR:directory_reader_win.cc(43)] FindFirstFile: Määritettyä polkua ei löydy. (0x3)
[1011/132242.561:ERROR:directory_reader_win.cc(43)] FindFirstFile: Määritettyä polkua ei löydy. (0x3)
[1012/010128.106:ERROR:directory_reader_win.cc(43)] FindFirstFile: Määritettyä polkua ei löydy. (0x3)
[1012/113517.597:ERROR:directory_reader_win.cc(43)] FindFirstFile: Määritettyä polkua ei löydy. (0x3)
[1012/125329.342:ERROR:directory_reader_win.cc(43)] FindFirstFile: Määritettyä polkua ei löydy. (0x3)
[1012/142322.654:ERROR:directory_reader_win.cc(43)] FindFirstFile: Määritettyä polkua ei löydy. (0x3)
[1012/152216.398:ERROR:directory_reader_win.cc(43)] FindFirstFile: Määritettyä polkua ei löydy. (0x3)
[1012/161811.701:ERROR:directory_reader_win.cc(43)] FindFirstFile: Määritettyä polkua ei löydy. (0x3)
[1013/100716.372:ERROR:directory_reader_win.cc(43)] FindFirstFile: Määritettyä polkua ei löydy. (0x3)
[1013/124401.988:ERROR:directory_reader_win.cc(43)] FindFirstFile: Määritettyä polkua ei löydy. (0x3)
[1013/233811.009:ERROR:directory_reader_win.cc(43)] FindFirstFile: Määritettyä polkua ei löydy. (0x3)
[1014/074250.064:ERROR:directory_reader_win.cc(43)] FindFirstFile: Määritettyä polkua ei löydy. (0x3)
[1014/115248.372:ERROR:directory_reader_win.cc(43)] FindFirstFile: Määritettyä polkua ei löydy. (0x3)
[1014/133843.041:ERROR:directory_reader_win.cc(43)] FindFirstFile: Määritettyä polkua ei löydy. (0x3)
[1014/141919.435:ERROR:directory_reader_win.cc(43)] FindFirstFile: Määritettyä polkua ei löydy. (0x3)
[1014/224805.496:ERROR:directory_reader_win.cc(43)] FindFirstFile: Määritettyä polkua ei löydy. (0x3)
[1014/234014.446:ERROR:directory_reader_win.cc(43)] FindFirstFile: Määritettyä polkua ei löydy. (0x3)
[1015/082331.224:ERROR:directory_reader_win.cc(43)] FindFirstFile: Määritettyä polkua ei löydy. (0x3)
[1015/105931.727:ERROR:directory_reader_win.cc(43)] FindFirstFile: Määritettyä polkua ei löydy. (0x3)
[1015/223300.861:ERROR:directory_reader_win.cc(43)] FindFirstFile: Määritettyä polkua ei löydy. (0x3)
[1016/202833.446:ERROR:directory_reader_win.cc(43)] FindFirstFile: Määritettyä polkua ei löydy. (0x3)
[1018/195444.219:ERROR:directory_reader_win.cc(43)] FindFirstFile: Määritettyä polkua ei löydy. (0x3)
[1019/003930.600:ERROR:directory_reader_win.cc(43)] FindFirstFile: Määritettyä polkua ei löydy. (0x3)
[1019/194950.611:ERROR:directory_reader_win.cc(43)] FindFirstFile: Määritettyä polkua ei löydy. (0x3)
[1019/221730.645:ERROR:directory_reader_win.cc(43)] FindFirstFile: Määritettyä polkua ei löydy. (0x3)
[1019/223357.822:ERROR:directory_reader_win.cc(43)] FindFirstFile: Määritettyä polkua ei löydy. (0x3)
[1019/235009.103:ERROR:directory_reader_win.cc(43)] FindFirstFile: Määritettyä polkua ei löydy. (0x3)
[1020/122055.355:ERROR:directory_reader_win.cc(43)] FindFirstFile: Määritettyä polkua ei löydy. (0x3)
[1020/232527.034:ERROR:directory_reader_win.cc(43)] FindFirstFile: Määritettyä polkua ei löydy. (0x3)
[1021/004516.047:ERROR:directory_reader_win.cc(43)] FindFirstFile: Määritettyä polkua ei löydy. (0x3)
[1021/094703.058:ERROR:directory_reader_win.cc(43)] FindFirstFile: Määritettyä polkua ei löydy. (0x3)
[1021/173422.230:ERROR:directory_reader_win.cc(43)] FindFirstFile: Määritettyä polkua ei löydy. (0x3)
[1021/180139.862:ERROR:directory_reader_win.cc(43)] FindFirstFile: Määritettyä polkua ei löydy. (0x3)
[1022/114403.861:ERROR:directory_reader_win.cc(43)] FindFirstFile: Määritettyä polkua ei löydy. (0x3)
[1022/234727.490:ERROR:directory_reader_win.cc(43)] FindFirstFile: Määritettyä polkua ei löydy. (0x3)
[1023/070840.946:ERROR:directory_reader_win.cc(43)] FindFirstFile: Määritettyä polkua ei löydy. (0x3)
[1023/123928.025:ERROR:directory_reader_win.cc(43)] FindFirstFile: Määritettyä polkua ei löydy. (0x3)
[1023/130304.352:ERROR:directory_reader_win.cc(43)] FindFirstFile: Määritettyä polkua ei löydy. (0x3)
[1023/132632.479:ERROR:directory_reader_win.cc(43)] FindFirstFile: Määritettyä polkua ei löydy. (0x3)
[1023/144423.866:ERROR:directory_reader_win.cc(43)] FindFirstFile: Määritettyä polkua ei löydy. (0x3)
[1024/030138.391:ERROR:directory_reader_win.cc(43)] FindFirstFile: Määritettyä polkua ei löydy. (0x3)
[1024/084545.426:ERROR:directory_reader_win.cc(43)] FindFirstFile: Määritettyä polkua ei löydy. (0x3)
[1024/124721.682:ERROR:directory_reader_win.cc(43)] FindFirstFile: Määritettyä polkua ei löydy. (0x3)
[1024/133307.194:ERROR:directory_reader_win.cc(43)] FindFirstFile: Määritettyä polkua ei löydy. (0x3)
[1024/154811.069:ERROR:directory_reader_win.cc(43)] FindFirstFile: Määritettyä polkua ei löydy. (0x3)
[1025/010621.980:ERROR:directory_reader_win.cc(43)] FindFirstFile: Määritettyä polkua ei löydy. (0x3)
[1025/105155.053:ERROR:directory_reader_win.cc(43)] FindFirstFile: Määritettyä polkua ei löydy. (0x3)
[1025/143156.378:ERROR:directory_reader_win.cc(43)] FindFirstFile: Määritettyä polkua ei löydy. (0x3)
[1025/155159.199:ERROR:directory_reader_win.cc(43)] FindFirstFile: Määritettyä polkua ei löydy. (0x3)
[1025/164558.704:ERROR:directory_reader_win.cc(43)] FindFirstFile: Määritettyä polkua ei löydy. (0x3)
[1025/230602.060:ERROR:directory_reader_win.cc(43)] FindFirstFile: Määritettyä polkua ei löydy. (0x3)
[1026/235938.514:ERROR:directory_reader_win.cc(43)] FindFirstFile: Määritettyä polkua ei löydy. (0x3)
[1027/132431.064:ERROR:directory_reader_win.cc(43)] FindFirstFile: Määritettyä polkua ei löydy. (0x3)
[1027/225806.670:ERROR:directory_reader_win.cc(43)] FindFirstFile: Määritettyä polkua ei löydy. (0x3)
[1028/083342.755:ERROR:directory_reader_win.cc(43)] FindFirstFile: Määritettyä polkua ei löydy. (0x3)
[1028/122131.296:ERROR:directory_reader_win.cc(43)] FindFirstFile: Määritettyä polkua ei löydy. (0x3)
[1028/195942.513:ERROR:directory_reader_win.cc(43)] FindFirstFile: Määritettyä polkua ei löydy. (0x3)
[1029/005031.639:ERROR:directory_reader_win.cc(43)] FindFirstFile: Määritettyä polkua ei löydy. (0x3)
[1029/041922.584:ERROR:directory_reader_win.cc(43)] FindFirstFile: Määritettyä polkua ei löydy. (0x3)
[1029/104118.839:ERROR:directory_reader_win.cc(43)] FindFirstFile: Määritettyä polkua ei löydy. (0x3)
[1030/075139.251:ERROR:directory_reader_win.cc(43)] FindFirstFile: Määritettyä polkua ei löydy. (0x3)
[1030/121307.826:ERROR:directory_reader_win.cc(43)] FindFirstFile: Määritettyä polkua ei löydy. (0x3)
[1030/133051.941:ERROR:directory_reader_win.cc(43)] FindFirstFile: Määritettyä polkua ei löydy. (0x3)
[1030/134752.138:ERROR:directory_reader_win.cc(43)] FindFirstFile: Määritettyä polkua ei löydy. (0x3)
[1031/102451.570:ERROR:directory_reader_win.cc(43)] FindFirstFile: Määritettyä polkua ei löydy. (0x3)
[1031/142753.134:ERROR:directory_reader_win.cc(43)] FindFirstFile: Määritettyä polkua ei löydy. (0x3)
[1031/194427.170:ERROR:directory_reader_win.cc(43)] FindFirstFile: Määritettyä polkua ei löydy. (0x3)
[1031/203957.675:ERROR:directory_reader_win.cc(43)] FindFirstFile: Määritettyä polkua ei löydy. (0x3)
[1101/005031.620:ERROR:directory_reader_win.cc(43)] FindFirstFile: Määritettyä polkua ei löydy. (0x3)
[1101/110408.652:ERROR:directory_reader_win.cc(43)] FindFirstFile: Määritettyä polkua ei löydy. (0x3)
[1101/151155.303:ERROR:directory_reader_win.cc(43)] FindFirstFile: Määritettyä polkua ei löydy. (0x3)
[1101/230644.586:ERROR:directory_reader_win.cc(43)] FindFirstFile: Määritettyä polkua ei löydy. (0x3)
[1102/000700.306:ERROR:directory_reader_win.cc(43)] FindFirstFile: Määritettyä polkua ei löydy. (0x3)
[1102/135337.309:ERROR:directory_reader_win.cc(43)] FindFirstFile: Määritettyä polkua ei löydy. (0x3)
[1102/163933.052:ERROR:directory_reader_win.cc(43)] FindFirstFile: Määritettyä polkua ei löydy. (0x3)
[1102/171442.306:ERROR:directory_reader_win.cc(43)] FindFirstFile: Määritettyä polkua ei löydy. (0x3)
[1103/003610.349:ERROR:directory_reader_win.cc(43)] FindFirstFile: Määritettyä polkua ei löydy. (0x3)
[1103/053134.170:ERROR:directory_reader_win.cc(43)] FindFirstFile: Määritettyä polkua ei löydy. (0x3)
[1103/083536.259:ERROR:directory_reader_win.cc(43)] FindFirstFile: Määritettyä polkua ei löydy. (0x3)
[1103/194536.605:ERROR:process_info.cc(359)] UncheckedAllocate
[1103/194536.606:ERROR:process_info.cc(359)] UncheckedAllocate
[1103/194536.606:ERROR:process_info.cc(359)] UncheckedAllocate
[1103/194536.699:ERROR:process_info.cc(359)] UncheckedAllocate
[1103/223602.583:ERROR:directory_reader_win.cc(43)] FindFirstFile: Määritettyä polkua ei löydy. (0x3)
[1104/093326.950:ERROR:directory_reader_win.cc(43)] FindFirstFile: Määritettyä polkua ei löydy. (0x3)
[1105/010259.897:ERROR:directory_reader_win.cc(43)] FindFirstFile: Määritettyä polkua ei löydy. (0x3)
[1105/014116.528:ERROR:directory_reader_win.cc(43)] FindFirstFile: Määritettyä polkua ei löydy. (0x3)
[1105/123217.395:ERROR:directory_reader_win.cc(43)] FindFirstFile: Määritettyä polkua ei löydy. (0x3)
[1105/131612.314:ERROR:directory_reader_win.cc(43)] FindFirstFile: Määritettyä polkua ei löydy. (0x3)
[1105/135041.235:ERROR:directory_reader_win.cc(43)] FindFirstFile: Määritettyä polkua ei löydy. (0x3)
[1105/145744.303:ERROR:directory_reader_win.cc(43)] FindFirstFile: Määritettyä polkua ei löydy. (0x3)
[1105/173006.956:ERROR:directory_reader_win.cc(43)] FindFirstFile: Määritettyä polkua ei löydy. (0x3)
[1106/005244.335:ERROR:directory_reader_win.cc(43)] FindFirstFile: Määritettyä polkua ei löydy. (0x3)
[1106/113029.760:ERROR:directory_reader_win.cc(43)] FindFirstFile: Määritettyä polkua ei löydy. (0x3)
[1106/120248.129:ERROR:directory_reader_win.cc(43)] FindFirstFile: Määritettyä polkua ei löydy. (0x3)
[1106/171131.955:ERROR:directory_reader_win.cc(43)] FindFirstFile: Määritettyä polkua ei löydy. (0x3)
[1107/011350.625:ERROR:directory_reader_win.cc(43)] FindFirstFile: Määritettyä polkua ei löydy. (0x3)
[1107/073102.808:ERROR:directory_reader_win.cc(43)] FindFirstFile: Määritettyä polkua ei löydy. (0x3)
[1107/133829.083:ERROR:directory_reader_win.cc(43)] FindFirstFile: Määritettyä polkua ei löydy. (0x3)
[1107/143431.932:ERROR:directory_reader_win.cc(43)] FindFirstFile: Määritettyä polkua ei löydy. (0x3)
[1108/000930.326:ERROR:directory_reader_win.cc(43)] FindFirstFile: Määritettyä polkua ei löydy. (0x3)
[1108/095432.602:ERROR:directory_reader_win.cc(43)] FindFirstFile: Määritettyä polkua ei löydy. (0x3)
[1108/104444.653:ERROR:directory_reader_win.cc(43)] FindFirstFile: Määritettyä polkua ei löydy. (0x3)
[1108/211407.848:ERROR:directory_reader_win.cc(43)] FindFirstFile: Määritettyä polkua ei löydy. (0x3)
[1108/225027.591:ERROR:directory_reader_win.cc(43)] FindFirstFile: Määritettyä polkua ei löydy. (0x3)
[1108/232314.076:ERROR:directory_reader_win.cc(43)] FindFirstFile: Määritettyä polkua ei löydy. (0x3)
[1109/020817.302:ERROR:directory_reader_win.cc(43)] FindFirstFile: Määritettyä polkua ei löydy. (0x3)
[1109/062232.906:ERROR:directory_reader_win.cc(43)] FindFirstFile: Määritettyä polkua ei löydy. (0x3)
[1109/114806.300:ERROR:directory_reader_win.cc(43)] FindFirstFile: Määritettyä polkua ei löydy. (0x3)
[1109/145609.666:ERROR:directory_reader_win.cc(43)] FindFirstFile: Määritettyä polkua ei löydy. (0x3)
[1109/154408.013:ERROR:directory_reader_win.cc(43)] FindFirstFile: Määritettyä polkua ei löydy. (0x3)
[1109/164931.063:ERROR:directory_reader_win.cc(43)] FindFirstFile: Määritettyä polkua ei löydy. (0x3)
[1110/012122.365:ERROR:directory_reader_win.cc(43)] FindFirstFile: Määritettyä polkua ei löydy. (0x3)
[1110/053703.884:ERROR:directory_reader_win.cc(43)] FindFirstFile: Määritettyä polkua ei löydy. (0x3)
[1110/091108.590:ERROR:directory_reader_win.cc(43)] FindFirstFile: Määritettyä polkua ei löydy. (0x3)
[1110/232246.584:ERROR:directory_reader_win.cc(43)] FindFirstFile: Määritettyä polkua ei löydy. (0x3)
[1111/042857.634:ERROR:directory_reader_win.cc(43)] FindFirstFile: Määritettyä polkua ei löydy. (0x3)
[1111/061528.653:ERROR:directory_reader_win.cc(43)] FindFirstFile: Määritettyä polkua ei löydy. (0x3)
[1111/063258.086:ERROR:directory_reader_win.cc(43)] FindFirstFile: Määritettyä polkua ei löydy. (0x3)
[1111/072433.633:ERROR:directory_reader_win.cc(43)] FindFirstFile: Määritettyä polkua ei löydy. (0x3)
[1111/211522.790:ERROR:directory_reader_win.cc(43)] FindFirstFile: Määritettyä polkua ei löydy. (0x3)
[1112/091610.736:ERROR:directory_reader_win.cc(43)] FindFirstFile: Määritettyä polkua ei löydy. (0x3)
[1112/095828.742:ERROR:directory_reader_win.cc(43)] FindFirstFile: Määritettyä polkua ei löydy. (0x3)
[1112/134947.740:ERROR:directory_reader_win.cc(43)] FindFirstFile: Määritettyä polkua ei löydy. (0x3)
[1112/144308.631:ERROR:directory_reader_win.cc(43)] FindFirstFile: Määritettyä polkua ei löydy. (0x3)
[1113/025633.798:ERROR:directory_reader_win.cc(43)] FindFirstFile: Määritettyä polkua ei löydy. (0x3)
[1113/043333.241:ERROR:directory_reader_win.cc(43)] FindFirstFile: Määritettyä polkua ei löydy. (0x3)
[1113/100142.242:ERROR:directory_reader_win.cc(43)] FindFirstFile: Määritettyä polkua ei löydy. (0x3)
[1113/102449.950:ERROR:directory_reader_win.cc(43)] FindFirstFile: Määritettyä polkua ei löydy. (0x3)
[1114/042817.462:ERROR:directory_reader_win.cc(43)] FindFirstFile: Määritettyä polkua ei löydy. (0x3)
[1114/124310.023:ERROR:directory_reader_win.cc(43)] FindFirstFile: Määritettyä polkua ei löydy. (0x3)
[1114/130712.143:ERROR:directory_reader_win.cc(43)] FindFirstFile: Määritettyä polkua ei löydy. (0x3)
[1114/193832.806:ERROR:directory_reader_win.cc(43)] FindFirstFile: Määritettyä polkua ei löydy. (0x3)
[1114/195843.323:ERROR:directory_reader_win.cc(43)] FindFirstFile: Määritettyä polkua ei löydy. (0x3)
[1114/235351.671:ERROR:directory_reader_win.cc(43)] FindFirstFile: Määritettyä polkua ei löydy. (0x3)
[1115/135853.766:ERROR:directory_reader_win.cc(43)] FindFirstFile: Määritettyä polkua ei löydy. (0x3)
[1115/172458.218:ERROR:directory_reader_win.cc(43)] FindFirstFile: Määritettyä polkua ei löydy. (0x3)
[1115/180312.280:ERROR:directory_reader_win.cc(43)] FindFirstFile: Määritettyä polkua ei löydy. (0x3)
[1115/233258.815:ERROR:directory_reader_win.cc(43)] FindFirstFile: Määritettyä polkua ei löydy. (0x3)
[1116/015215.938:ERROR:directory_reader_win.cc(43)] FindFirstFile: Määritettyä polkua ei löydy. (0x3)
[1116/042159.447:ERROR:directory_reader_win.cc(43)] FindFirstFile: Määritettyä polkua ei löydy. (0x3)
[1116/234555.343:ERROR:directory_reader_win.cc(43)] FindFirstFile: Määritettyä polkua ei löydy. (0x3)
[1116/235722.786:ERROR:directory_reader_win.cc(43)] FindFirstFile: Määritettyä polkua ei löydy. (0x3)
[1117/060321.833:ERROR:directory_reader_win.cc(43)] FindFirstFile: Määritettyä polkua ei löydy. (0x3)
[1117/081210.744:ERROR:directory_reader_win.cc(43)] FindFirstFile: Määritettyä polkua ei löydy. (0x3)
[1117/092337.142:ERROR:directory_reader_win.cc(43)] FindFirstFile: Määritettyä polkua ei löydy. (0x3)
[1117/230924.349:ERROR:directory_reader_win.cc(43)] FindFirstFile: Määritettyä polkua ei löydy. (0x3)
[1118/021509.449:ERROR:directory_reader_win.cc(43)] FindFirstFile: Määritettyä polkua ei löydy. (0x3)
[1118/042041.655:ERROR:directory_reader_win.cc(43)] FindFirstFile: Määritettyä polkua ei löydy. (0x3)
[1118/053713.859:ERROR:directory_reader_win.cc(43)] FindFirstFile: Määritettyä polkua ei löydy. (0x3)
[1118/064736.063:ERROR:directory_reader_win.cc(43)] FindFirstFile: Määritettyä polkua ei löydy. (0x3)
[1118/085258.924:ERROR:directory_reader_win.cc(43)] FindFirstFile: Määritettyä polkua ei löydy. (0x3)
[1119/102035.513:ERROR:directory_reader_win.cc(43)] FindFirstFile: Määritettyä polkua ei löydy. (0x3)
[1119/171309.324:ERROR:directory_reader_win.cc(43)] FindFirstFile: Määritettyä polkua ei löydy. (0x3)
[1119/183040.740:ERROR:directory_reader_win.cc(43)] FindFirstFile: Määritettyä polkua ei löydy. (0x3)
[1120/050629.768:ERROR:directory_reader_win.cc(43)] FindFirstFile: Määritettyä polkua ei löydy. (0x3)
[1120/112558.800:ERROR:directory_reader_win.cc(43)] FindFirstFile: Määritettyä polkua ei löydy. (0x3)
[1120/120501.710:ERROR:directory_reader_win.cc(43)] FindFirstFile: Määritettyä polkua ei löydy. (0x3)
[1121/131051.594:ERROR:directory_reader_win.cc(43)] FindFirstFile: Määritettyä polkua ei löydy. (0x3)
[1121/223912.744:ERROR:directory_reader_win.cc(43)] FindFirstFile: Määritettyä polkua ei löydy. (0x3)
[1122/010859.548:ERROR:directory_reader_win.cc(43)] FindFirstFile: Määritettyä polkua ei löydy. (0x3)
[1122/151320.835:ERROR:directory_reader_win.cc(43)] FindFirstFile: Määritettyä polkua ei löydy. (0x3)
[1122/161631.100:ERROR:directory_reader_win.cc(43)] FindFirstFile: Määritettyä polkua ei löydy. (0x3)
[1122/181755.722:ERROR:directory_reader_win.cc(43)] FindFirstFile: Määritettyä polkua ei löydy. (0x3)
[1122/193746.496:ERROR:directory_reader_win.cc(43)] FindFirstFile: Määritettyä polkua ei löydy. (0x3)
[1122/224831.025:ERROR:directory_reader_win.cc(43)] FindFirstFile: Määritettyä polkua ei löydy. (0x3)
[1123/044231.284:ERROR:directory_reader_win.cc(43)] FindFirstFile: Määritettyä polkua ei löydy. (0x3)
[1123/112935.387:ERROR:directory_reader_win.cc(43)] FindFirstFile: Määritettyä polkua ei löydy. (0x3)
[1123/120234.492:ERROR:directory_reader_win.cc(43)] FindFirstFile: Määritettyä polkua ei löydy. (0x3)
[1123/130913.503:ERROR:directory_reader_win.cc(43)] FindFirstFile: Määritettyä polkua ei löydy. (0x3)
[1123/230545.718:ERROR:directory_reader_win.cc(43)] FindFirstFile: Määritettyä polkua ei löydy. (0x3)
[1124/042430.172:ERROR:directory_reader_win.cc(43)] FindFirstFile: Määritettyä polkua ei löydy. (0x3)
[1124/172456.802:ERROR:directory_reader_win.cc(43)] FindFirstFile: Määritettyä polkua ei löydy. (0x3)
[1124/214936.229:ERROR:directory_reader_win.cc(43)] FindFirstFile: Määritettyä polkua ei löydy. (0x3)
[1124/234609.443:ERROR:directory_reader_win.cc(43)] FindFirstFile: Määritettyä polkua ei löydy. (0x3)
[1125/014746.931:ERROR:directory_reader_win.cc(43)] FindFirstFile: Määritettyä polkua ei löydy. (0x3)
[1125/020424.065:ERROR:directory_reader_win.cc(43)] FindFirstFile: Määritettyä polkua ei löydy. (0x3)
[1125/041356.802:ERROR:directory_reader_win.cc(43)] FindFirstFile: Määritettyä polkua ei löydy. (0x3)
[1125/212923.030:ERROR:directory_reader_win.cc(43)] FindFirstFile: Määritettyä polkua ei löydy. (0x3)
[1125/233130.875:ERROR:directory_reader_win.cc(43)] FindFirstFile: Määritettyä polkua ei löydy. (0x3)
[1126/045637.868:ERROR:directory_reader_win.cc(43)] FindFirstFile: Määritettyä polkua ei löydy. (0x3)
[1126/072420.414:ERROR:directory_reader_win.cc(43)] FindFirstFile: Määritettyä polkua ei löydy. (0x3)
[1126/102943.932:ERROR:directory_reader_win.cc(43)] FindFirstFile: Määritettyä polkua ei löydy. (0x3)
[1126/104427.471:ERROR:directory_reader_win.cc(43)] FindFirstFile: Määritettyä polkua ei löydy. (0x3)
[1126/111818.848:ERROR:directory_reader_win.cc(43)] FindFirstFile: Määritettyä polkua ei löydy. (0x3)
[1126/140217.446:ERROR:directory_reader_win.cc(43)] FindFirstFile: Määritettyä polkua ei löydy. (0x3)
[1126/143407.351:ERROR:directory_reader_win.cc(43)] FindFirstFile: Määritettyä polkua ei löydy. (0x3)
[1126/170836.512:ERROR:directory_reader_win.cc(43)] FindFirstFile: Määritettyä polkua ei löydy. (0x3)
[1126/205444.443:ERROR:directory_reader_win.cc(43)] FindFirstFile: Määritettyä polkua ei löydy. (0x3)
[1127/005145.356:ERROR:directory_reader_win.cc(43)] FindFirstFile: Määritettyä polkua ei löydy. (0x3)
[1127/091524.453:ERROR:directory_reader_win.cc(43)] FindFirstFile: Määritettyä polkua ei löydy. (0x3)
[1128/013107.034:ERROR:directory_reader_win.cc(43)] FindFirstFile: Määritettyä polkua ei löydy. (0x3)
[1128/073257.182:ERROR:directory_reader_win.cc(43)] FindFirstFile: Määritettyä polkua ei löydy. (0x3)
[1128/091220.730:ERROR:directory_reader_win.cc(43)] FindFirstFile: Määritettyä polkua ei löydy. (0x3)
[1128/195204.554:ERROR:directory_reader_win.cc(43)] FindFirstFile: Määritettyä polkua ei löydy. (0x3)
[1128/221645.865:ERROR:directory_reader_win.cc(43)] FindFirstFile: Määritettyä polkua ei löydy. (0x3)
[1129/052440.186:ERROR:directory_reader_win.cc(43)] FindFirstFile: Määritettyä polkua ei löydy. (0x3)
[1129/063931.392:ERROR:directory_reader_win.cc(43)] FindFirstFile: Määritettyä polkua ei löydy. (0x3)
[1204/101936.059:ERROR:directory_reader_win.cc(43)] FindFirstFile: Määritettyä polkua ei löydy. (0x3)
[1204/145714.970:ERROR:directory_reader_win.cc(43)] FindFirstFile: Määritettyä polkua ei löydy. (0x3)
[1204/163600.558:ERROR:directory_reader_win.cc(43)] FindFirstFile: Määritettyä polkua ei löydy. (0x3)
[1204/172718.441:ERROR:directory_reader_win.cc(43)] FindFirstFile: Määritettyä polkua ei löydy. (0x3)
[1204/181837.172:ERROR:directory_reader_win.cc(43)] FindFirstFile: Määritettyä polkua ei löydy. (0x3)
[1204/201622.873:ERROR:directory_reader_win.cc(43)] FindFirstFile: Määritettyä polkua ei löydy. (0x3)
[1204/214755.536:ERROR:directory_reader_win.cc(43)] FindFirstFile: Määritettyä polkua ei löydy. (0x3)
[1204/233415.014:ERROR:directory_reader_win.cc(43)] FindFirstFile: Määritettyä polkua ei löydy. (0x3)
[1205/161056.788:ERROR:directory_reader_win.cc(43)] FindFirstFile: Määritettyä polkua ei löydy. (0x3)
[1205/163520.631:ERROR:directory_reader_win.cc(43)] FindFirstFile: Määritettyä polkua ei löydy. (0x3)
[1205/233540.392:ERROR:directory_reader_win.cc(43)] FindFirstFile: Määritettyä polkua ei löydy. (0x3)
[1206/015832.030:ERROR:directory_reader_win.cc(43)] FindFirstFile: Määritettyä polkua ei löydy. (0x3)
[1206/054739.017:ERROR:directory_reader_win.cc(43)] FindFirstFile: Määritettyä polkua ei löydy. (0x3)
[1206/103929.969:ERROR:directory_reader_win.cc(43)] FindFirstFile: Määritettyä polkua ei löydy. (0x3)
[1206/124909.514:ERROR:directory_reader_win.cc(43)] FindFirstFile: Määritettyä polkua ei löydy. (0x3)
[1206/130217.947:ERROR:directory_reader_win.cc(43)] FindFirstFile: Määritettyä polkua ei löydy. (0x3)
[1206/132853.982:ERROR:directory_reader_win.cc(43)] FindFirstFile: Määritettyä polkua ei löydy. (0x3)
[1206/143635.299:ERROR:directory_reader_win.cc(43)] FindFirstFile: Määritettyä polkua ei löydy. (0x3)
[1206/160052.137:ERROR:directory_reader_win.cc(43)] FindFirstFile: Määritettyä polkua ei löydy. (0x3)
[1207/165653.504:ERROR:directory_reader_win.cc(43)] FindFirstFile: Määritettyä polkua ei löydy. (0x3)
[1207/235147.071:ERROR:directory_reader_win.cc(43)] FindFirstFile: Määritettyä polkua ei löydy. (0x3)
[1208/012338.752:ERROR:directory_reader_win.cc(43)] FindFirstFile: Määritettyä polkua ei löydy. (0x3)
[1208/093746.560:ERROR:directory_reader_win.cc(43)] FindFirstFile: Määritettyä polkua ei löydy. (0x3)
[1208/133938.002:ERROR:directory_reader_win.cc(43)] FindFirstFile: Määritettyä polkua ei löydy. (0x3)
[1208/161239.373:ERROR:directory_reader_win.cc(43)] FindFirstFile: Määritettyä polkua ei löydy. (0x3)
[1209/135652.071:ERROR:directory_reader_win.cc(43)] FindFirstFile: Määritettyä polkua ei löydy. (0x3)
[1209/165901.150:ERROR:directory_reader_win.cc(43)] FindFirstFile: Määritettyä polkua ei löydy. (0x3)
[1209/214759.458:ERROR:directory_reader_win.cc(43)] FindFirstFile: Määritettyä polkua ei löydy. (0x3)
[1209/220102.957:ERROR:directory_reader_win.cc(43)] FindFirstFile: Määritettyä polkua ei löydy. (0x3)
[1209/234233.011:ERROR:directory_reader_win.cc(43)] FindFirstFile: Määritettyä polkua ei löydy. (0x3)
[1210/045420.825:ERROR:directory_reader_win.cc(43)] FindFirstFile: Määritettyä polkua ei löydy. (0x3)
[1210/092641.090:ERROR:directory_reader_win.cc(43)] FindFirstFile: Määritettyä polkua ei löydy. (0x3)
[1210/144325.399:ERROR:directory_reader_win.cc(43)] FindFirstFile: Määritettyä polkua ei löydy. (0x3)
[1210/164459.217:ERROR:directory_reader_win.cc(43)] FindFirstFile: Määritettyä polkua ei löydy. (0x3)
[1211/095524.538:ERROR:directory_reader_win.cc(43)] FindFirstFile: Määritettyä polkua ei löydy. (0x3)
[1211/122451.757:ERROR:directory_reader_win.cc(43)] FindFirstFile: Määritettyä polkua ei löydy. (0x3)
[1211/233502.233:ERROR:directory_reader_win.cc(43)] FindFirstFile: Määritettyä polkua ei löydy. (0x3)
[1212/093820.573:ERROR:directory_reader_win.cc(43)] FindFirstFile: Määritettyä polkua ei löydy. (0x3)
[1212/130645.870:ERROR:directory_reader_win.cc(43)] FindFirstFile: Määritettyä polkua ei löydy. (0x3)
[1212/203943.629:ERROR:directory_reader_win.cc(43)] FindFirstFile: Määritettyä polkua ei löydy. (0x3)
[1212/205742.647:ERROR:directory_reader_win.cc(43)] FindFirstFile: Määritettyä polkua ei löydy. (0x3)
[1212/225028.548:ERROR:directory_reader_win.cc(43)] FindFirstFile: Määritettyä polkua ei löydy. (0x3)
[1215/164320.415:ERROR:directory_reader_win.cc(43)] FindFirstFile: Määritettyä polkua ei löydy. (0x3)
[1216/215400.355:ERROR:directory_reader_win.cc(43)] FindFirstFile: Määritettyä polkua ei löydy. (0x3)
[1217/001852.148:ERROR:directory_reader_win.cc(43)] FindFirstFile: Määritettyä polkua ei löydy. (0x3)
[1217/231818.200:ERROR:directory_reader_win.cc(43)] FindFirstFile: Määritettyä polkua ei löydy. (0x3)
[1218/112824.938:ERROR:directory_reader_win.cc(43)] FindFirstFile: Määritettyä polkua ei löydy. (0x3)
[1218/114537.117:ERROR:directory_reader_win.cc(43)] FindFirstFile: Määritettyä polkua ei löydy. (0x3)
[1218/122340.077:ERROR:directory_reader_win.cc(43)] FindFirstFile: Määritettyä polkua ei löydy. (0x3)
[1218/133243.226:ERROR:directory_reader_win.cc(43)] FindFirstFile: Määritettyä polkua ei löydy. (0x3)
[1219/013230.900:ERROR:directory_reader_win.cc(43)] FindFirstFile: Määritettyä polkua ei löydy. (0x3)
[1219/092152.215:ERROR:directory_reader_win.cc(43)] FindFirstFile: Määritettyä polkua ei löydy. (0x3)
[1219/093540.009:ERROR:directory_reader_win.cc(43)] FindFirstFile: Määritettyä polkua ei löydy. (0x3)
[1219/101355.375:ERROR:directory_reader_win.cc(43)] FindFirstFile: Määritettyä polkua ei löydy. (0x3)
[1219/110507.269:ERROR:directory_reader_win.cc(43)] FindFirstFile: Määritettyä polkua ei löydy. (0x3)
[1219/114145.591:ERROR:directory_reader_win.cc(43)] FindFirstFile: Määritettyä polkua ei löydy. (0x3)
[1219/123912.479:ERROR:directory_reader_win.cc(43)] FindFirstFile: Määritettyä polkua ei löydy. (0x3)
[1219/141915.086:ERROR:directory_reader_win.cc(43)] FindFirstFile: Määritettyä polkua ei löydy. (0x3)
[1219/145737.196:ERROR:directory_reader_win.cc(43)] FindFirstFile: Määritettyä polkua ei löydy. (0x3)
[1219/153910.035:ERROR:directory_reader_win.cc(43)] FindFirstFile: Määritettyä polkua ei löydy. (0x3)
[1219/155232.131:ERROR:directory_reader_win.cc(43)] FindFirstFile: Määritettyä polkua ei löydy. (0x3)
[1219/170059.352:ERROR:directory_reader_win.cc(43)] FindFirstFile: Määritettyä polkua ei löydy. (0x3)
[1221/011037.057:ERROR:directory_reader_win.cc(43)] FindFirstFile: Määritettyä polkua ei löydy. (0x3)
[1222/001739.471:ERROR:directory_reader_win.cc(43)] FindFirstFile: Määritettyä polkua ei löydy. (0x3)
[1222/133509.601:ERROR:directory_reader_win.cc(43)] FindFirstFile: Määritettyä polkua ei löydy. (0x3)
[1222/202803.100:ERROR:directory_reader_win.cc(43)] FindFirstFile: Määritettyä polkua ei löydy. (0x3)
[1223/004017.028:ERROR:directory_reader_win.cc(43)] FindFirstFile: Määritettyä polkua ei löydy. (0x3)
[1223/072350.381:ERROR:directory_reader_win.cc(43)] FindFirstFile: Määritettyä polkua ei löydy. (0x3)
[1223/080732.310:ERROR:directory_reader_win.cc(43)] FindFirstFile: Määritettyä polkua ei löydy. (0x3)
[1223/101347.351:ERROR:directory_reader_win.cc(43)] FindFirstFile: Määritettyä polkua ei löydy. (0x3)
[1229/142611.931:ERROR:directory_reader_win.cc(43)] FindFirstFile: Määritettyä polkua ei löydy. (0x3)
[1229/161132.742:ERROR:directory_reader_win.cc(43)] FindFirstFile: Määritettyä polkua ei löydy. (0x3)
[1230/020425.906:ERROR:directory_reader_win.cc(43)] FindFirstFile: Määritettyä polkua ei löydy. (0x3)
[1230/153835.159:ERROR:directory_reader_win.cc(43)] FindFirstFile: Määritettyä polkua ei löydy. (0x3)
[1231/002228.106:ERROR:directory_reader_win.cc(43)] FindFirstFile: Määritettyä polkua ei löydy. (0x3)
[1231/014510.380:ERROR:directory_reader_win.cc(43)] FindFirstFile: Määritettyä polkua ei löydy. (0x3)
[1231/020713.816:ERROR:directory_reader_win.cc(43)] FindFirstFile: Määritettyä polkua ei löydy. (0x3)
[1231/112905.240:ERROR:directory_reader_win.cc(43)] FindFirstFile: Määritettyä polkua ei löydy. (0x3)
[1231/173517.603:ERROR:directory_reader_win.cc(43)] FindFirstFile: Määritettyä polkua ei löydy. (0x3)
[0103/041643.915:ERROR:directory_reader_win.cc(43)] FindFirstFile: Määritettyä polkua ei löydy. (0x3)
[0103/143712.768:ERROR:directory_reader_win.cc(43)] FindFirstFile: Määritettyä polkua ei löydy. (0x3)
[0103/231921.985:ERROR:directory_reader_win.cc(43)] FindFirstFile: Määritettyä polkua ei löydy. (0x3)
[0103/234236.132:ERROR:directory_reader_win.cc(43)] FindFirstFile: Määritettyä polkua ei löydy. (0x3)
[0104/050716.101:ERROR:directory_reader_win.cc(43)] FindFirstFile: Määritettyä polkua ei löydy. (0x3)
[0104/103506.148:ERROR:directory_reader_win.cc(43)] FindFirstFile: Määritettyä polkua ei löydy. (0x3)
[0105/025256.512:ERROR:directory_reader_win.cc(43)] FindFirstFile: Määritettyä polkua ei löydy. (0x3)
[0105/122613.640:ERROR:directory_reader_win.cc(43)] FindFirstFile: Määritettyä polkua ei löydy. (0x3)
[0105/125103.144:ERROR:directory_reader_win.cc(43)] FindFirstFile: Määritettyä polkua ei löydy. (0x3)
[0105/154304.630:ERROR:directory_reader_win.cc(43)] FindFirstFile: Määritettyä polkua ei löydy. (0x3)
[0105/165837.008:ERROR:directory_reader_win.cc(43)] FindFirstFile: Määritettyä polkua ei löydy. (0x3)
[0105/182055.173:ERROR:directory_reader_win.cc(43)] FindFirstFile: Määritettyä polkua ei löydy. (0x3)
[0105/195819.513:ERROR:directory_reader_win.cc(43)] FindFirstFile: Määritettyä polkua ei löydy. (0x3)
[0106/033356.931:ERROR:directory_reader_win.cc(43)] FindFirstFile: Määritettyä polkua ei löydy. (0x3)
[0107/012035.380:ERROR:directory_reader_win.cc(43)] FindFirstFile: Määritettyä polkua ei löydy. (0x3)
[0107/093848.659:ERROR:directory_reader_win.cc(43)] FindFirstFile: Määritettyä polkua ei löydy. (0x3)
[0107/123802.224:ERROR:directory_reader_win.cc(43)] FindFirstFile: Määritettyä polkua ei löydy. (0x3)
[0107/130721.333:ERROR:directory_reader_win.cc(43)] FindFirstFile: Määritettyä polkua ei löydy. (0x3)
[0108/060031.049:ERROR:directory_reader_win.cc(43)] FindFirstFile: Määritettyä polkua ei löydy. (0x3)
[0108/154059.715:ERROR:directory_reader_win.cc(43)] FindFirstFile: Määritettyä polkua ei löydy. (0x3)
[0108/222950.244:ERROR:directory_reader_win.cc(43)] FindFirstFile: Määritettyä polkua ei löydy. (0x3)
[0109/085528.417:ERROR:directory_reader_win.cc(43)] FindFirstFile: Määritettyä polkua ei löydy. (0x3)
[0110/220303.448:ERROR:directory_reader_win.cc(43)] FindFirstFile: Määritettyä polkua ei löydy. (0x3)
[0111/011923.334:ERROR:directory_reader_win.cc(43)] FindFirstFile: Määritettyä polkua ei löydy. (0x3)
[0111/224236.856:ERROR:directory_reader_win.cc(43)] FindFirstFile: Määritettyä polkua ei löydy. (0x3)
[0112/024453.967:ERROR:directory_reader_win.cc(43)] FindFirstFile: Määritettyä polkua ei löydy. (0x3)
[0112/063410.223:ERROR:directory_reader_win.cc(43)] FindFirstFile: Määritettyä polkua ei löydy. (0x3)
[0112/170938.803:ERROR:directory_reader_win.cc(43)] FindFirstFile: Määritettyä polkua ei löydy. (0x3)
[0112/193134.222:ERROR:directory_reader_win.cc(43)] FindFirstFile: Määritettyä polkua ei löydy. (0x3)
[0113/013211.040:ERROR:directory_reader_win.cc(43)] FindFirstFile: Määritettyä polkua ei löydy. (0x3)
[0113/231939.439:ERROR:directory_reader_win.cc(43)] FindFirstFile: Määritettyä polkua ei löydy. (0x3)
[0114/080637.650:ERROR:directory_reader_win.cc(43)] FindFirstFile: Määritettyä polkua ei löydy. (0x3)
[0116/015046.459:ERROR:directory_reader_win.cc(43)] FindFirstFile: Määritettyä polkua ei löydy. (0x3)
[0116/123250.982:ERROR:directory_reader_win.cc(43)] FindFirstFile: Määritettyä polkua ei löydy. (0x3)
[0117/004046.795:ERROR:directory_reader_win.cc(43)] FindFirstFile: Määritettyä polkua ei löydy. (0x3)
[0117/013957.100:ERROR:directory_reader_win.cc(43)] FindFirstFile: Määritettyä polkua ei löydy. (0x3)
[0117/134309.622:ERROR:directory_reader_win.cc(43)] FindFirstFile: Määritettyä polkua ei löydy. (0x3)
[0118/000934.953:ERROR:directory_reader_win.cc(43)] FindFirstFile: Määritettyä polkua ei löydy. (0x3)
[0118/102051.697:ERROR:directory_reader_win.cc(43)] FindFirstFile: Määritettyä polkua ei löydy. (0x3)
[0118/122140.455:ERROR:directory_reader_win.cc(43)] FindFirstFile: Määritettyä polkua ei löydy. (0x3)
[0118/130244.337:ERROR:directory_reader_win.cc(43)] FindFirstFile: Määritettyä polkua ei löydy. (0x3)
[0118/151307.595:ERROR:directory_reader_win.cc(43)] FindFirstFile: Määritettyä polkua ei löydy. (0x3)
[0119/062619.764:ERROR:directory_reader_win.cc(43)] FindFirstFile: Määritettyä polkua ei löydy. (0x3)
[0119/232843.534:ERROR:directory_reader_win.cc(43)] FindFirstFile: Määritettyä polkua ei löydy. (0x3)
[0120/000631.943:ERROR:directory_reader_win.cc(43)] FindFirstFile: Määritettyä polkua ei löydy. (0x3)
[0120/133034.346:ERROR:directory_reader_win.cc(43)] FindFirstFile: Määritettyä polkua ei löydy. (0x3)
[0120/151406.002:ERROR:directory_reader_win.cc(43)] FindFirstFile: Määritettyä polkua ei löydy. (0x3)
[0121/014517.062:ERROR:directory_reader_win.cc(43)] FindFirstFile: Määritettyä polkua ei löydy. (0x3)
[0121/130252.979:ERROR:directory_reader_win.cc(43)] FindFirstFile: Määritettyä polkua ei löydy. (0x3)
[0122/095719.434:ERROR:directory_reader_win.cc(43)] FindFirstFile: Määritettyä polkua ei löydy. (0x3)
[0124/164609.909:ERROR:directory_reader_win.cc(43)] FindFirstFile: Määritettyä polkua ei löydy. (0x3)
[0127/024926.567:ERROR:directory_reader_win.cc(43)] FindFirstFile: Määritettyä polkua ei löydy. (0x3)
